info: Metodo: GET en ruta / - 7/6/2024 10:38:19
info: Metodo: GET en ruta /favicon.ico - 7/6/2024 10:38:19
info: Metodo: GET en ruta / - 7/6/2024 10:38:24
info: Metodo: GET en ruta / - 7/6/2024 10:43:18

info: Metodo: GET en ruta /api/loggerTest - 7/6/2024 10:53:30
info: Metodo: GET en ruta /api/loggerTest - 7/6/2024 10:54:44
info: Metodo: GET en ruta / - 7/6/2024 10:54:53
info: Metodo: GET en ruta / - 7/6/2024 10:55:53
info: Metodo: GET en ruta /api/loggerTest - 7/6/2024 10:56:09
info: Metodo: GET en ruta /api/loggerTest - 7/6/2024 10:56:28
info: Metodo: GET en ruta / - 7/6/2024 17:11:51
info: Metodo: GET en ruta /favicon.ico - 7/6/2024 17:11:51
info: Metodo: GET en ruta /api/products?limit=3 - 7/6/2024 17:16:27
info: Metodo: GET en ruta /loggerTest - 7/6/2024 17:16:34
http: Este es un mensaje HTTP
info: Este es un mensaje de información
warning: Este es un mensaje de advertencia
info: Metodo: GET en ruta /loggerTest - 7/6/2024 17:22:33
http: Este es un mensaje HTTP
info: Este es un mensaje de información
warning: Este es un mensaje de advertencia
info: Metodo: GET en ruta /loggerTest - 7/6/2024 21:55:06
http: Este es un mensaje HTTP
info: Este es un mensaje de información
warning: Este es un mensaje de advertencia
info: Metodo: GET en ruta /loggerTest - 7/6/2024 21:58:42
http: Este es un mensaje HTTP
info: Este es un mensaje de información
warning: Este es un mensaje de advertencia
info: Metodo: GET en ruta /loggerTest - 7/6/2024 21:59:27
http: Este es un mensaje HTTP
info: Este es un mensaje de información
warning: Este es un mensaje de advertencia
info: Metodo: GET en ruta /loggerTest - 7/6/2024 22:02:46
http: Este es un mensaje HTTP
info: Este es un mensaje de información
warning: Este es un mensaje de advertencia
info: Metodo: GET en ruta /loggerTest - 7/6/2024 22:03:03
http: Este es un mensaje HTTP
info: Este es un mensaje de información
warning: Este es un mensaje de advertencia
info: Metodo: GET en ruta /loggerTest - 7/6/2024 22:05:00
http: Este es un mensaje HTTP
info: Este es un mensaje de información
warning: Este es un mensaje de advertencia
error: Este es un mensaje de error
error: Error al registrar los logs en /loggerTest
info: Metodo: GET en ruta /loggerTest - 7/6/2024 22:05:18
http: Este es un mensaje HTTP
info: Este es un mensaje de información
warning: Este es un mensaje de advertencia
info: Metodo: GET en ruta /loggerTest - 7/6/2024 22:05:31
http: Este es un mensaje HTTP
info: Este es un mensaje de información
warning: Este es un mensaje de advertencia
error: Este es un mensaje de error
error: Error al registrar los logs en /loggerTest
info: Metodo: GET en ruta /loggerTest - 7/6/2024 22:32:50
http: Este es un mensaje HTTP
info: Este es un mensaje de información
warning: Este es un mensaje de advertencia
info: Metodo: GET en ruta /loggerTest - 7/6/2024 22:33:03
http: Este es un mensaje HTTP
info: Este es un mensaje de información
warning: Este es un mensaje de advertencia
error: Este es un mensaje de error
error: Error al registrar los logs en /loggerTest
info: Metodo: GET en ruta /loggerTest - 7/6/2024 22:37:48
warning: Este es un mensaje de advertencia
info: Metodo: GET en ruta /loggerTest - 7/6/2024 22:39:54
warning: Este es un mensaje de advertencia
info: Metodo: GET en ruta /loggerTest - 7/6/2024 22:40:14
warning: Este es un mensaje de advertencia
info: Metodo: GET en ruta /loggerTest - 7/6/2024 22:42:42
warning: Este es un mensaje de advertencia
info: Metodo: GET en ruta /loggerTest - 7/6/2024 22:42:44
warning: Este es un mensaje de advertencia
info: Metodo: GET en ruta /loggerTest - 7/6/2024 22:42:45
warning: Este es un mensaje de advertencia
info: Metodo: GET en ruta /loggerTest - 7/6/2024 22:43:21
info: Este es un mensaje de información
warning: Este es un mensaje de advertencia
info: Metodo: GET en ruta /loggerTest - 7/6/2024 22:43:27
info: Este es un mensaje de información
warning: Este es un mensaje de advertencia
info: Metodo: GET en ruta /loggerTest - 7/6/2024 22:43:47
info: Este es un mensaje de información
warning: Este es un mensaje de advertencia
error: Metodo: GET en ruta /loggerTest - 7/6/2024 22:43:47
info: Metodo: GET en ruta /loggerTest - 7/6/2024 22:44:17
http: Este es un mensaje HTTP
info: Este es un mensaje de información
warning: Este es un mensaje de advertencia
info: Metodo: GET en ruta /loggerTest - 7/6/2024 22:44:25
http: Este es un mensaje HTTP
info: Este es un mensaje de información
warning: Este es un mensaje de advertencia
info: Metodo: GET en ruta /loggerTest - 7/6/2024 22:45:50
http: Este es un mensaje HTTP
info: Este es un mensaje de información
warning: Este es un mensaje de advertencia
info: Metodo: GET en ruta /loggerTest - 7/6/2024 22:45:58
http: Este es un mensaje HTTP
info: Este es un mensaje de información
warning: Este es un mensaje de advertencia
info: Metodo: GET en ruta /loggerTest - 7/6/2024 22:45:59
http: Este es un mensaje HTTP
info: Este es un mensaje de información
warning: Este es un mensaje de advertencia
info: Metodo: GET en ruta /loggerTest - 7/6/2024 22:45:59
http: Este es un mensaje HTTP
info: Este es un mensaje de información
warning: Este es un mensaje de advertencia
info: Metodo: GET en ruta /loggerTest - 7/6/2024 22:45:59
http: Este es un mensaje HTTP
info: Este es un mensaje de información
warning: Este es un mensaje de advertencia
info: Metodo: GET en ruta /loggerTest - 7/6/2024 22:46:14
http: Este es un mensaje HTTP
info: Este es un mensaje de información
warning: Este es un mensaje de advertencia
info: Metodo: GET en ruta /loggerTest - 7/6/2024 22:46:28
http: Este es un mensaje HTTP
info: Este es un mensaje de información
warning: Este es un mensaje de advertencia
info: Metodo: GET en ruta /loggerTest - 7/6/2024 22:49:25
http: Este es un mensaje HTTP
info: Este es un mensaje de información
warning: Este es un mensaje de advertencia
error: ERROR
info: Metodo: GET en ruta /loggerTest - 7/6/2024 22:49:51
http: Este es un mensaje HTTP
info: Este es un mensaje de información
warning: Este es un mensaje de advertencia
error: Mensaje de ERROR
info: Metodo: GET en ruta /loggerTest - 7/6/2024 22:50:24
http: Este es un mensaje HTTP
info: Este es un mensaje de información
warning: Este es un mensaje de advertencia
error: Mensaje de ERROR
error: Metodo: GET en ruta /loggerTest - 7/6/2024 22:50:24
info: Metodo: GET en ruta /loggerTest - 7/6/2024 22:50:53
http: Este es un mensaje HTTP
info: Este es un mensaje de información
warning: Este es un mensaje de advertencia
error: Metodo: GET en ruta /loggerTest - 7/6/2024 22:50:53
info: Metodo: GET en ruta /loggerTest - 7/6/2024 22:51:39
http: Este es un mensaje HTTP
info: Este es un mensaje de información
warning: Este es un mensaje de advertencia
error: Mensaje de ERROR
info: Metodo: GET en ruta /loggerTest - 7/6/2024 23:12:34
http: Este es un mensaje HTTP
info: Este es un mensaje de información
warning: Este es un mensaje de advertencia
error: ERROR
info: Metodo: GET en ruta /loggerTest - 7/6/2024 23:13:08
http: Este es un mensaje HTTP
info: Este es un mensaje de información
warning: Este es un mensaje de advertencia
error: ERROR
error: Metodo: GET en ruta /loggerTest - 7/6/2024 23:13:08
info: Metodo: GET en ruta /loggerTest - 7/6/2024 23:13:58
http: Este es un mensaje HTTP
info: Este es un mensaje de información
warning: Este es un mensaje de advertencia
error: ERROR
error: Metodo: GET en ruta /loggerTest - 7/6/2024 23:13:58
info: Metodo: GET en ruta /loggerTest - 7/6/2024 23:14:11
http: Este es un mensaje HTTP
info: Este es un mensaje de información
warning: Este es un mensaje de advertencia
error: ERROR
error: Metodo: GET en ruta /loggerTest - 7/6/2024 23:14:11
info: Metodo: GET en ruta /loggerTest - 7/6/2024 23:14:49
http: Este es un mensaje HTTP
info: Este es un mensaje de información
warning: Este es un mensaje de advertencia
error: ERROR
error: Metodo: GET en ruta /loggerTest - 7/6/2024 23:14:49
info: Metodo: GET en ruta /loggerTest - 7/6/2024 23:16:16
http: Este es un mensaje HTTP
info: Este es un mensaje de información
warning: Este es un mensaje de advertencia
error: ERROR
info: Metodo: GET en ruta /loggerTest - 7/6/2024 23:16:43
http: Este es un mensaje HTTP
info: Este es un mensaje de información
warning: Este es un mensaje de advertencia
error: ERROR
info: Metodo: GET en ruta /loggerTest - 7/6/2024 23:22:58
http: Este es un mensaje HTTP
info: Este es un mensaje de información
warning: Este es un mensaje de advertencia
error: ERROR
info: Metodo: GET en ruta /loggerTest - 7/6/2024 23:52:27
http: Este es un mensaje HTTP
info: Este es un mensaje de información
warning: Este es un mensaje de advertencia
error: ERROR
info: Metodo: GET en ruta /loggerTest - 7/6/2024 23:54:52
http: Este es un mensaje HTTP
info: Este es un mensaje de información
warning: Este es un mensaje de advertencia
error: ERROR
info: Metodo: GET en ruta /loggerTest - 7/6/2024 23:55:22
http: Este es un mensaje HTTP
info: Este es un mensaje de información
warning: Este es un mensaje de advertencia
error: ERROR
info: Metodo: GET en ruta /loggerTest - 7/6/2024 23:56:09
http: Este es un mensaje HTTP
info: Este es un mensaje de información
warning: Este es un mensaje de advertencia
error: ERROR
info: Metodo: GET en ruta /loggerTest - 7/6/2024 23:56:28
http: Este es un mensaje HTTP
info: Este es un mensaje de información
warning: Este es un mensaje de advertencia
error: ERROR
info: Metodo: GET en ruta /api/products?limit=3 - 7/6/2024 23:56:33
info: Metodo: GET en ruta / - 7/6/2024 23:57:56
info: Metodo: GET en ruta /suma - 7/6/2024 23:58:17
info: Metodo: GET en ruta /loggerTest - 8/6/2024 00:05:48
http: Este es un mensaje HTTP
info: Este es un mensaje de información
warning: Este es un mensaje de advertencia
error: ERROR
info: Metodo: GET en ruta /loggerTest - 8/6/2024 00:06:11
http: Este es un mensaje HTTP
info: Este es un mensaje de información
warning: Este es un mensaje de advertencia
error: ERROR
error: Metodo: GET en ruta /loggerTest - 8/6/2024 00:06:11
info: Metodo: GET en ruta /loggerTest - 8/6/2024 00:26:15
http: Este es un mensaje HTTP
info: Este es un mensaje de información
warning: Este es un mensaje de advertencia
error: ERROR
error: Metodo: GET en ruta /loggerTest - 8/6/2024 00:26:15
info: Metodo: GET en ruta /loggerTest - 8/6/2024 00:49:44
http: Este es un mensaje HTTP
info: Este es un mensaje de información
warning: Este es un mensaje de advertencia
error: ERROR
error: Metodo: GET en ruta /loggerTest - 8/6/2024 00:49:44
info: Metodo: GET en ruta /loggerTest - 8/6/2024 00:49:45
http: Este es un mensaje HTTP
info: Este es un mensaje de información
warning: Este es un mensaje de advertencia
error: ERROR
error: Metodo: GET en ruta /loggerTest - 8/6/2024 00:49:45
info: Metodo: GET en ruta /loggerTest - 8/6/2024 00:49:45
http: Este es un mensaje HTTP
info: Este es un mensaje de información
warning: Este es un mensaje de advertencia
error: ERROR
error: Metodo: GET en ruta /loggerTest - 8/6/2024 00:49:45
info: Metodo: GET en ruta / - 8/6/2024 00:49:51
info: Metodo: GET en ruta /api/products?limit=3 - 8/6/2024 00:53:02
info: Metodo: GET en ruta /apidocs - 19/6/2024 11:15:07
info: Metodo: GET en ruta /apidocs/ - 19/6/2024 11:15:07
info: Metodo: GET en ruta /apidocs/swagger-ui.css - 19/6/2024 11:15:07
info: Metodo: GET en ruta /apidocs/swagger-ui-standalone-preset.js - 19/6/2024 11:15:07
info: Metodo: GET en ruta /apidocs/swagger-ui-bundle.js - 19/6/2024 11:15:07
info: Metodo: GET en ruta /apidocs/swagger-ui-init.js - 19/6/2024 11:15:07
info: Metodo: GET en ruta /apidocs/favicon-32x32.png - 19/6/2024 11:15:09
info: Metodo: GET en ruta / - 19/6/2024 11:20:31
info: Metodo: GET en ruta /favicon.ico - 19/6/2024 11:20:31
info: Metodo: GET en ruta /api/products - 19/6/2024 11:49:02
info: Metodo: GET en ruta /api/products - 19/6/2024 11:49:15
info: Metodo: GET en ruta /api/products - 19/6/2024 11:49:17
info: Metodo: GET en ruta /api/products/generate-random - 19/6/2024 11:49:40
info: Metodo: POST en ruta /api/cart - 19/6/2024 12:15:03
info: Metodo: POST en ruta /api/session/register - 5/7/2024 12:39:36
info: Metodo: POST en ruta /api/session/register - 5/7/2024 12:40:15
info: Metodo: POST en ruta /api/session/register - 5/7/2024 13:09:13
info: Metodo: POST en ruta /api/session/login - 5/7/2024 14:31:35
info: Metodo: POST en ruta /api/session/login - 5/7/2024 14:31:59
info: Metodo: GET en ruta /api/session/login - 5/7/2024 14:50:24
info: Metodo: GET en ruta /api/session/login - 5/7/2024 14:50:43
info: Metodo: GET en ruta /api/session/login - 5/7/2024 14:52:41
info: Metodo: GET en ruta /api/session/login - 5/7/2024 15:29:22
info: Metodo: GET en ruta /api/session/login - 5/7/2024 15:30:12
info: Metodo: GET en ruta /api/session/login - 5/7/2024 15:30:25
info: Metodo: GET en ruta /api/session/login - 5/7/2024 15:33:10
info: Metodo: GET en ruta /api/session/login - 5/7/2024 15:37:34
info: Metodo: GET en ruta /api/session/login - 5/7/2024 15:39:58
info: Metodo: GET en ruta /api/session/login - 5/7/2024 16:03:10
info: Metodo: GET en ruta /api/session/logout - 5/7/2024 18:42:19
info: Metodo: GET en ruta / - 5/7/2024 18:42:19
info: Metodo: GET en ruta /api/session/login - 5/7/2024 18:42:27
info: Metodo: GET en ruta /api/session/logout - 5/7/2024 18:43:13
info: Metodo: GET en ruta / - 5/7/2024 18:43:13
info: Metodo: GET en ruta /api/session/login - 5/7/2024 18:54:35
info: Metodo: GET en ruta /api/session/login - 5/7/2024 18:58:08
info: Metodo: GET en ruta /api/session/logout - 5/7/2024 18:58:47
info: Metodo: GET en ruta /api/session/login - 5/7/2024 19:00:08
info: Metodo: GET en ruta /api/session/logout - 5/7/2024 19:01:09
info: Metodo: GET en ruta /api/session/logout - 5/7/2024 19:03:02
info: Metodo: GET en ruta /api/session/login - 5/7/2024 19:05:49
info: Metodo: GET en ruta /api/session/login - 5/7/2024 19:05:54
info: Metodo: GET en ruta /api/session/logout - 5/7/2024 19:06:15
info: Metodo: GET en ruta /api/session/login - 5/7/2024 19:20:19
info: Metodo: GET en ruta /api/session/logout - 5/7/2024 19:20:34
info: Metodo: GET en ruta /api/session/login - 5/7/2024 19:25:59
info: Metodo: GET en ruta /api/session/logout - 5/7/2024 19:26:19
info: Metodo: GET en ruta /api/session/login - 5/7/2024 19:31:07
info: Metodo: GET en ruta /api/session/logout - 5/7/2024 19:31:18
info: Metodo: GET en ruta /api/session/login - 5/7/2024 19:43:50
info: Metodo: GET en ruta /api/session/login - 5/7/2024 19:44:00
info: Metodo: GET en ruta /api/session/logout - 5/7/2024 19:44:11
info: Metodo: GET en ruta /api/session/login - 5/7/2024 19:48:35
info: Metodo: GET en ruta /api/session/logout - 5/7/2024 19:48:49
info: Metodo: GET en ruta /api/session/login - 5/7/2024 19:54:57
info: Metodo: GET en ruta /api/session/logout - 5/7/2024 19:57:15
info: Metodo: GET en ruta /api/session/login - 5/7/2024 20:07:37
info: Metodo: GET en ruta /api/session/logout - 5/7/2024 20:09:14
info: Metodo: GET en ruta /api/session/login - 5/7/2024 20:16:21
info: Metodo: GET en ruta /api/session/login - 5/7/2024 20:19:50
info: Metodo: GET en ruta /api/session/login - 5/7/2024 20:29:17
info: Metodo: GET en ruta /api/session/login - 5/7/2024 20:30:00
info: Metodo: GET en ruta /api/session/logout - 5/7/2024 20:30:22
info: Metodo: GET en ruta /api/session/login - 5/7/2024 20:36:32
info: Metodo: GET en ruta /api/session/logout - 5/7/2024 20:37:04
info: Metodo: GET en ruta /api/session/login - 5/7/2024 20:37:59
info: Metodo: GET en ruta /api/session/login - 5/7/2024 20:38:26
info: Metodo: GET en ruta /api/session/login - 5/7/2024 20:46:40
info: Metodo: GET en ruta /api/session/login - 5/7/2024 20:46:48
info: Metodo: GET en ruta /api/session/logout - 5/7/2024 20:47:38
info: Metodo: GET en ruta /api/session/login - 5/7/2024 20:51:16
info: Metodo: GET en ruta /api/session/logout - 5/7/2024 20:51:25
info: Metodo: GET en ruta /api/session/login - 5/7/2024 20:54:41
info: Metodo: GET en ruta /api/session/logout - 5/7/2024 20:55:45
info: Metodo: GET en ruta /api/session/login - 5/7/2024 21:13:27
info: Metodo: GET en ruta /api/session/logout - 5/7/2024 21:15:22
info: Metodo: GET en ruta /api/session/login - 5/7/2024 21:15:58
info: Metodo: GET en ruta /api/session/logout - 5/7/2024 21:18:16
info: Metodo: GET en ruta /api/session/login - 5/7/2024 21:23:42
info: Metodo: GET en ruta /api/session/logout - 5/7/2024 21:26:16
info: Metodo: GET en ruta /api/session/login - 5/7/2024 21:28:17
info: Metodo: GET en ruta /api/session/logout - 5/7/2024 21:39:36
info: Metodo: GET en ruta /api/session/login - 5/7/2024 21:40:25
info: Metodo: GET en ruta /api/session/login - 5/7/2024 21:41:02
info: Metodo: GET en ruta /api/session/login - 5/7/2024 21:41:09
info: Metodo: GET en ruta /api/session/login - 5/7/2024 21:42:28
info: Metodo: GET en ruta /api/session/login - 5/7/2024 21:44:18
info: Metodo: GET en ruta /api/session/login - 5/7/2024 21:44:50
info: Metodo: POST en ruta /api/session/register - 5/7/2024 21:48:08
info: Metodo: GET en ruta /api/session/login - 5/7/2024 21:51:52
info: Metodo: GET en ruta /api/session/logout - 5/7/2024 21:53:40
info: Metodo: GET en ruta /api/session/login - 5/7/2024 23:51:47
info: Metodo: GET en ruta /api/session/login - 5/7/2024 23:51:54
info: Metodo: GET en ruta /api/session/login - 5/7/2024 23:53:54
info: Metodo: GET en ruta /api/session/login - 5/7/2024 23:57:28
info: Metodo: GET en ruta /api/session/logout - 6/7/2024 00:08:36
info: Metodo: GET en ruta / - 6/7/2024 00:08:37
info: Metodo: GET en ruta /api/session/login - 6/7/2024 00:12:23
info: Metodo: GET en ruta /api/session/logout - 6/7/2024 00:12:35
info: Metodo: GET en ruta / - 6/7/2024 00:12:35
info: Metodo: GET en ruta /api/session/logout - 6/7/2024 00:13:19
info: Metodo: GET en ruta /api/session/login - 6/7/2024 00:14:07
info: Metodo: GET en ruta /api/session/login - 6/7/2024 00:15:42
info: Metodo: GET en ruta /api/session/logout - 6/7/2024 00:16:27
info: Metodo: GET en ruta / - 6/7/2024 00:16:27
info: Metodo: POST en ruta /api/users/66889449bfbc3332db5804e6/documents - 6/7/2024 01:23:59
info: Metodo: POST en ruta /api/users/66889449bfbc3332db5804e6/documents - 6/7/2024 01:24:05
info: Metodo: POST en ruta /api/users/66889449bfbc3332db5804e6/documents - 6/7/2024 01:28:08
info: Metodo: GET en ruta /api/users - 8/7/2024 14:36:49
info: Metodo: GET en ruta /api/users - 8/7/2024 14:48:03
info: Metodo: GET en ruta /api/users - 8/7/2024 15:28:18
info: Metodo: GET en ruta /api/users - 8/7/2024 15:41:14
info: Metodo: GET en ruta /api/users - 8/7/2024 15:45:26
info: Metodo: GET en ruta /api/users - 8/7/2024 15:57:29
info: Metodo: GET en ruta /api/users - 8/7/2024 16:04:16
info: Metodo: GET en ruta /api/users - 8/7/2024 16:22:08
info: Metodo: GET en ruta /api/users - 8/7/2024 16:29:18
info: Metodo: GET en ruta /api/users - 8/7/2024 16:32:01
info: Metodo: GET en ruta /api/users - 8/7/2024 16:32:12
info: Metodo: GET en ruta /api/users - 8/7/2024 16:32:32
info: Metodo: GET en ruta /api/users - 8/7/2024 16:39:10
info: Metodo: GET en ruta /api/users - 8/7/2024 16:43:05
info: Metodo: GET en ruta /api/users - 8/7/2024 16:45:30
info: Metodo: POST en ruta /api/session/register - 8/7/2024 17:03:02
info: Metodo: POST en ruta /api/session/register - 8/7/2024 17:03:40
info: Metodo: POST en ruta /api/session/register - 8/7/2024 17:04:57
info: Metodo: GET en ruta /api/users - 8/7/2024 17:06:24
info: Metodo: GET en ruta /api/users - 8/7/2024 17:10:31
info: Metodo: GET en ruta /api/users - 8/7/2024 17:11:26
info: Metodo: GET en ruta /api/users - 8/7/2024 17:11:35
info: Metodo: GET en ruta /api/users - 8/7/2024 17:11:38
info: Metodo: GET en ruta /api/users - 8/7/2024 17:12:17
info: Metodo: GET en ruta /api/users - 8/7/2024 17:12:46
info: Metodo: GET en ruta /api/users - 8/7/2024 17:14:06
info: Metodo: GET en ruta /api/users - 8/7/2024 17:14:10
info: Metodo: GET en ruta /api/users - 8/7/2024 17:14:30
info: Metodo: GET en ruta /api/users - 8/7/2024 17:16:06
info: Metodo: GET en ruta /api/users - 8/7/2024 17:20:16
info: Metodo: GET en ruta /api/users - 8/7/2024 17:20:50
info: Metodo: GET en ruta /api/users - 8/7/2024 17:21:09
info: Metodo: GET en ruta /api/users - 8/7/2024 17:24:10
info: Metodo: GET en ruta /api/users - 8/7/2024 17:37:46
info: Metodo: GET en ruta /api/users - 8/7/2024 17:41:55
info: Metodo: GET en ruta /api/users - 8/7/2024 17:54:40
info: Metodo: GET en ruta /api/users - 8/7/2024 17:55:12
info: Metodo: GET en ruta /api/users - 8/7/2024 18:01:07
info: Metodo: GET en ruta /api/users - 8/7/2024 18:03:04
info: Metodo: GET en ruta /api/users - 8/7/2024 18:03:19
